✅ [BRIDGE] Successfully connected to Local Node.
✅ [BRIDGE] Successfully connected to Remote Hub.
✅ [BRIDGE] Successfully connected to Local Node.
✅ [BRIDGE] Successfully connected to Remote Hub.
✅ [BRIDGE] Local Node に接続完了。推論タスクの待機を開始します。
✅ [BRIDGE] Remote Hub に接続完了。推論タスクの待機を開始します。
✅ [BRIDGE] Local Node に接続完了。推論タスクの待機を開始します。
✅ [BRIDGE] Remote Hub に接続完了。推論タスクの待機を開始します。
✅ [BRIDGE] Local Node に接続完了。推論タスクの待機を開始します。
✅ [BRIDGE] Remote Hub に接続完了。推論タスクの待機を開始します。
✅ [BRIDGE] Local Node に接続完了。推論タスクの待機を開始します。
❌ [BRIDGE] Remote Hub 接続エラー: xhr poll error
❌ [BRIDGE] Remote Hub 接続エラー: xhr poll error
❌ [BRIDGE] Remote Hub 接続エラー: xhr poll error
❌ [BRIDGE] Remote Hub 接続エラー: xhr poll error
❌ [BRIDGE] Remote Hub 接続エラー: xhr poll error
❌ [BRIDGE] Remote Hub 接続エラー: xhr poll error
❌ [BRIDGE] Remote Hub 接続エラー: xhr poll error
❌ [BRIDGE] Remote Hub 接続エラー: xhr poll error
❌ [BRIDGE] Remote Hub 接続エラー: xhr poll error
❌ [BRIDGE] Remote Hub 接続エラー: xhr poll error
❌ [BRIDGE] Remote Hub 接続エラー: xhr poll error
❌ [BRIDGE] Remote Hub 接続エラー: xhr poll error
❌ [BRIDGE] Remote Hub 接続エラー: xhr poll error
❌ [BRIDGE] Remote Hub 接続エラー: xhr poll error
❌ [BRIDGE] Remote Hub 接続エラー: xhr poll error
❌ [BRIDGE] Remote Hub 接続エラー: xhr poll error
❌ [BRIDGE] Remote Hub 接続エラー: xhr poll error
❌ [BRIDGE] Remote Hub 接続エラー: xhr poll error
❌ [BRIDGE] Remote Hub 接続エラー: xhr poll error
❌ [BRIDGE] Remote Hub 接続エラー: xhr poll error
❌ [BRIDGE] Remote Hub 接続エラー: xhr poll error
❌ [BRIDGE] Remote Hub 接続エラー: xhr poll error
✅ [BRIDGE] Local Node に接続完了。推論タスクの待機を開始します。
✅ [BRIDGE] Remote Hub に接続完了。推論タスクの待機を開始します。
